annoyware
annoywares
blammo
blammoed
blammoing
blammos
bletch
bloatware
bloatwares
boga
bogometer
bogometers
bogon
bogosities
bogosity
bogotified
bogotifies
bogotify
bogotifying
copyleft
copylefts
cruft
crufted
crufties
crufting
crufts
crufty
deliminator
deliminators
delint
delinted
delinting
delints
dirtball
dirtballs
flamage
flamages
foobar
foobars
grep
grepped
grepping
greps
hackish
hackishes
hackishness
hackishnesses
hackitude
hackitudes
lexer
lexers
nagware
nagwares
newline
newlines
overclock
overclocked
overclocking
overclocks
regexp
regexps
rehi
segfault
segfaults
spamblock
spamblocks
superuser
superusers
sysadmin
sysadmins
tarball
tarballs
unixism
unixisms
webmaster
webmasters
xor
xref
xreffed
xreffing
xrefs
